<?xml version="1.0" encoding="UTF-8"?>
<testsuite xmlns:xsi="http://www.w3.org/2001/XMLSchema-instance" xsi:noNamespaceSchemaLocation="https://maven.apache.org/surefire/maven-surefire-plugin/xsd/surefire-test-report-3.0.xsd" version="3.0" name="com.example.rest.RestMangaAppApplicationTests" time="10.12" tests="1" errors="0" skipped="0" failures="0">
  <properties>
[...]
</properties>
  <testcase name="contextLoads" classname="com.example.rest.RestMangaAppApplicationTests" time="3.45">
    <system-out><![CDATA[21:51:26.831 [main] INFO org.springframework.test.context.support.AnnotationConfigContextLoaderUtils -- Could not detect default configuration classes for test class [com.example.rest.RestMangaAppApplicationTests]: RestMangaAppApplicationTests does not declare any static, non-private, non-final, nested classes annotated with @Configuration.
21:51:27.387 [main] INFO org.springframework.boot.test.context.SpringBootTestContextBootstrapper -- Found @SpringBootConfiguration com.example.rest.RestMangaAppApplication for test class com.example.rest.RestMangaAppApplicationTests
21:51:28.146 [main] INFO org.springframework.boot.devtools.restart.RestartApplicationListener -- Restart disabled due to context in which it is running

  .   ____          _            __ _ _
 /\\ / ___'_ __ _ _(_)_ __  __ _ \ \ \ \
( ( )\___ | '_ | '_| | '_ \/ _` | \ \ \ \
 \\/  ___)| |_)| | | | | || (_| |  ) ) ) )
  '  |____| .__|_| |_|_| |_\__, | / / / /
 =========|_|==============|___/=/_/_/_/

 :: Spring Boot ::                (v3.3.5)

2024-11-16T21:51:28.964-06:00  INFO 3952 --- [RestMangaApp] [           main] c.e.rest.RestMangaAppApplicationTests    : Starting RestMangaAppApplicationTests using Java 23.0.1 with PID 3952 (started by AxelAV in C:\Users\AxelAV.LAPTOP-FF6SODJH\eclipse-workspace\RestMangaApp)
2024-11-16T21:51:28.971-06:00  INFO 3952 --- [RestMangaApp] [           main] c.e.rest.RestMangaAppApplicationTests    : No active profile set, falling back to 1 default profile: "default"
2024-11-16T21:51:32.842-06:00  INFO 3952 --- [RestMangaApp] [           main] c.e.rest.RestMangaAppApplicationTests    : Started RestMangaAppApplicationTests in 4.732 seconds (process running for 9.479)
]]></system-out>
    <system-err><![CDATA[WARNING: A Java agent has been loaded dynamically (C:\Users\AxelAV.LAPTOP-FF6SODJH\.m2\repository\net\bytebuddy\byte-buddy-agent\1.14.19\byte-buddy-agent-1.14.19.jar)
WARNING: If a serviceability tool is in use, please run with -XX:+EnableDynamicAgentLoading to hide this warning
WARNING: If a serviceability tool is not in use, please run with -Djdk.instrument.traceUsage for more information
WARNING: Dynamic loading of agents will be disallowed by default in a future release
]]></system-err>
  </testcase>
</testsuite>